<?xml version="1.0" encoding="UTF-8"?>
<testsuite name="com.chdlsp.alice.AliceApplicationTests" tests="1" skipped="0" failures="0" errors="0" timestamp="2020-09-11T13:07:35" hostname="DESKTOP-0NJ0DAR" time="0.235">
  <properties/>
  <testcase name="contextLoads()" classname="com.chdlsp.alice.AliceApplicationTests" time="0.235"/>
  <system-out><![CDATA[22:07:27.261 [Test worker] DEBUG org.springframework.test.context.BootstrapUtils - Instantiating CacheAwareContextLoaderDelegate from class [org.springframework.test.context.cache.DefaultCacheAwareContextLoaderDelegate]
22:07:27.289 [Test worker] DEBUG org.springframework.test.context.BootstrapUtils - Instantiating BootstrapContext using constructor [public org.springframework.test.context.support.DefaultBootstrapContext(java.lang.Class,org.springframework.test.context.CacheAwareContextLoaderDelegate)]
22:07:27.331 [Test worker] DEBUG org.springframework.test.context.BootstrapUtils - Instantiating TestContextBootstrapper for test class [com.chdlsp.alice.AliceApplicationTests] from class [org.springframework.boot.test.context.SpringBootTestContextBootstrapper]
22:07:27.357 [Test worker] INFO org.springframework.boot.test.context.SpringBootTestContextBootstrapper - Neither @ContextConfiguration nor @ContextHierarchy found for test class [com.chdlsp.alice.AliceApplicationTests], using SpringBootContextLoader
22:07:27.366 [Test worker] DEBUG org.springframework.test.context.support.AbstractContextLoader - Did not detect default resource location for test class [com.chdlsp.alice.AliceApplicationTests]: class path resource [com/chdlsp/alice/AliceApplicationTests-context.xml] does not exist
22:07:27.367 [Test worker] DEBUG org.springframework.test.context.support.AbstractContextLoader - Did not detect default resource location for test class [com.chdlsp.alice.AliceApplicationTests]: class path resource [com/chdlsp/alice/AliceApplicationTestsContext.groovy] does not exist
22:07:27.368 [Test worker] INFO org.springframework.test.context.support.AbstractContextLoader - Could not detect default resource locations for test class [com.chdlsp.alice.AliceApplicationTests]: no resource found for suffixes {-context.xml, Context.groovy}.
22:07:27.370 [Test worker] INFO org.springframework.test.context.support.AnnotationConfigContextLoaderUtils - Could not detect default configuration classes for test class [com.chdlsp.alice.AliceApplicationTests]: AliceApplicationTests does not declare any static, non-private, non-final, nested classes annotated with @Configuration.
22:07:27.454 [Test worker] DEBUG org.springframework.test.context.support.ActiveProfilesUtils - Could not find an 'annotation declaring class' for annotation type [org.springframework.test.context.ActiveProfiles] and class [com.chdlsp.alice.AliceApplicationTests]
22:07:27.566 [Test worker] DEBUG org.springframework.context.annotation.ClassPathScanningCandidateComponentProvider - Identified candidate component class: file [C:\Users\pamin\workspace\alice-security\build\classes\java\main\com\chdlsp\alice\AliceApplication.class]
22:07:27.569 [Test worker] INFO org.springframework.boot.test.context.SpringBootTestContextBootstrapper - Found @SpringBootConfiguration com.chdlsp.alice.AliceApplication for test class com.chdlsp.alice.AliceApplicationTests
22:07:27.728 [Test worker] DEBUG org.springframework.boot.test.context.SpringBootTestContextBootstrapper - @TestExecutionListeners is not present for class [com.chdlsp.alice.AliceApplicationTests]: using defaults.
22:07:27.729 [Test worker] INFO org.springframework.boot.test.context.SpringBootTestContextBootstrapper - Loaded default TestExecutionListener class names from location [META-INF/spring.factories]: [org.springframework.security.test.context.support.WithSecurityContextTestExecutionListener, org.springframework.security.test.context.support.ReactorContextTestExecutionListener, org.springframework.boot.test.autoconfigure.restdocs.RestDocsTestExecutionListener, org.springframework.boot.test.autoconfigure.web.client.MockRestServiceServerResetTestExecutionListener, org.springframework.boot.test.autoconfigure.web.servlet.MockMvcPrintOnlyOnFailureTestExecutionListener, org.springframework.boot.test.autoconfigure.web.servlet.WebDriverTestExecutionListener, org.springframework.boot.test.autoconfigure.webservices.client.MockWebServiceServerTestExecutionListener, org.springframework.boot.test.mock.mockito.MockitoTestExecutionListener, org.springframework.boot.test.mock.mockito.ResetMocksTestExecutionListener, org.springframework.test.context.web.ServletTestExecutionListener, org.springframework.test.context.support.DirtiesContextBeforeModesTestExecutionListener, org.springframework.test.context.support.DependencyInjectionTestExecutionListener, org.springframework.test.context.support.DirtiesContextTestExecutionListener, org.springframework.test.context.transaction.TransactionalTestExecutionListener, org.springframework.test.context.jdbc.SqlScriptsTestExecutionListener, org.springframework.test.context.event.EventPublishingTestExecutionListener]
22:07:27.760 [Test worker] INFO org.springframework.boot.test.context.SpringBootTestContextBootstrapper - Using TestExecutionListeners: [org.springframework.test.context.web.ServletTestExecutionListener@6180740, org.springframework.test.context.support.DirtiesContextBeforeModesTestExecutionListener@63228317, org.springframework.boot.test.mock.mockito.MockitoTestExecutionListener@7b544cc1, org.springframework.boot.test.autoconfigure.SpringBootDependencyInjectionTestExecutionListener@118e975b, org.springframework.test.context.support.DirtiesContextTestExecutionListener@57eaa02d, org.springframework.test.context.transaction.TransactionalTestExecutionListener@2027bbfc, org.springframework.test.context.jdbc.SqlScriptsTestExecutionListener@79ccc97d, org.springframework.security.test.context.support.WithSecurityContextTestExecutionListener@1c1dad50, org.springframework.test.context.event.EventPublishingTestExecutionListener@1e748d36, org.springframework.security.test.context.support.ReactorContextTestExecutionListener@3913d5f, org.springframework.boot.test.autoconfigure.restdocs.RestDocsTestExecutionListener@1c898b71, org.springframework.boot.test.autoconfigure.web.client.MockRestServiceServerResetTestExecutionListener@6d0fd29d, org.springframework.boot.test.autoconfigure.web.servlet.MockMvcPrintOnlyOnFailureTestExecutionListener@5728ef37, org.springframework.boot.test.autoconfigure.web.servlet.WebDriverTestExecutionListener@5d594b48, org.springframework.boot.test.autoconfigure.webservices.client.MockWebServiceServerTestExecutionListener@ddb8191, org.springframework.boot.test.mock.mockito.ResetMocksTestExecutionListener@1ed3318d]
22:07:27.767 [Test worker] DEBUG org.springframework.test.context.support.AbstractDirtiesContextTestExecutionListener - Before test class: context [DefaultTestContext@67896839 testClass = AliceApplicationTests, testInstance = [null], testMethod = [null], testException = [null], mergedContextConfiguration = [WebMergedContextConfiguration@53d6f30c testClass = AliceApplicationTests, locations = '{}', classes = '{class com.chdlsp.alice.AliceApplication}', contextInitializerClasses = '[]', activeProfiles = '{}', propertySourceLocations = '{}', propertySourceProperties = '{org.springframework.boot.test.context.SpringBootTestContextBootstrapper=true}', contextCustomizers = set[org.springframework.boot.test.autoconfigure.properties.PropertyMappingContextCustomizer@0, org.springframework.boot.test.autoconfigure.web.servlet.WebDriverContextCustomizerFactory$Customizer@5c95138f, org.springframework.boot.test.context.filter.ExcludeFilterContextCustomizer@7af0428f, org.springframework.boot.test.json.DuplicateJsonObjectContextCustomizerFactory$DuplicateJsonObjectContextCustomizer@32d7a429, org.springframework.boot.test.mock.mockito.MockitoContextCustomizer@0, org.springframework.boot.test.web.client.TestRestTemplateContextCustomizer@51c10aa2, org.springframework.boot.test.context.SpringBootTestArgs@1], resourceBasePath = 'src/main/webapp', contextLoader = 'org.springframework.boot.test.context.SpringBootContextLoader', parent = [null]], attributes = map['org.springframework.test.context.web.ServletTestExecutionListener.activateListener' -> true]], class annotated with @DirtiesContext [false] with mode [null].
22:07:27.804 [Test worker] DEBUG org.springframework.test.context.support.TestPropertySourceUtils - Adding inlined properties to environment: {spring.jmx.enabled=false, org.springframework.boot.test.context.SpringBootTestContextBootstrapper=true}

  .   ____          _            __ _ _
 /\\ / ___'_ __ _ _(_)_ __  __ _ \ \ \ \
( ( )\___ | '_ | '_| | '_ \/ _` | \ \ \ \
 \\/  ___)| |_)| | | | | || (_| |  ) ) ) )
  '  |____| .__|_| |_|_| |_\__, | / / / /
 =========|_|==============|___/=/_/_/_/
 :: Spring Boot ::        (v2.3.3.RELEASE)

2020-09-11 22:07:28.290  INFO 9096 --- [    Test worker] com.chdlsp.alice.AliceApplicationTests   : Starting AliceApplicationTests on DESKTOP-0NJ0DAR with PID 9096 (started by pamin in C:\Users\pamin\workspace\alice-security)
2020-09-11 22:07:28.294  INFO 9096 --- [    Test worker] com.chdlsp.alice.AliceApplicationTests   : No active profile set, falling back to default profiles: default
2020-09-11 22:07:30.169  INFO 9096 --- [    Test worker] .s.d.r.c.RepositoryConfigurationDelegate : Bootstrapping Spring Data JPA repositories in DEFERRED mode.
2020-09-11 22:07:30.312  INFO 9096 --- [    Test worker] .s.d.r.c.RepositoryConfigurationDelegate : Finished Spring Data repository scanning in 120ms. Found 1 JPA repository interfaces.
2020-09-11 22:07:31.457  INFO 9096 --- [    Test worker] o.s.s.concurrent.ThreadPoolTaskExecutor  : Initializing ExecutorService 'applicationTaskExecutor'
2020-09-11 22:07:31.498  INFO 9096 --- [    Test worker] com.zaxxer.hikari.HikariDataSource       : HikariPool-1 - Starting...
2020-09-11 22:07:31.940  INFO 9096 --- [    Test worker] com.zaxxer.hikari.HikariDataSource       : HikariPool-1 - Start completed.
2020-09-11 22:07:32.375  WARN 9096 --- [    Test worker] JpaBaseConfiguration$JpaWebConfiguration : spring.jpa.open-in-view is enabled by default. Therefore, database queries may be performed during view rendering. Explicitly configure spring.jpa.open-in-view to disable this warning
2020-09-11 22:07:32.754  INFO 9096 --- [    Test worker] .s.s.UserDetailsServiceAutoConfiguration : 

Using generated security password: c60626ae-f3da-45c5-93df-b31482954240

2020-09-11 22:07:33.177  INFO 9096 --- [    Test worker] o.s.s.web.DefaultSecurityFilterChain     : Creating filter chain: any request, [org.springframework.security.web.context.request.async.WebAsyncManagerIntegrationFilter@4a799d80, org.springframework.security.web.context.SecurityContextPersistenceFilter@162d9786, org.springframework.security.web.header.HeaderWriterFilter@38cff311, org.springframework.security.web.authentication.logout.LogoutFilter@75dd008, org.springframework.security.web.savedrequest.RequestCacheAwareFilter@465ffaf, org.springframework.security.web.servletapi.SecurityContextHolderAwareRequestFilter@3d91a9ec, org.springframework.security.web.authentication.AnonymousAuthenticationFilter@5916df65, org.springframework.security.web.session.SessionManagementFilter@5cfa077b, org.springframework.security.web.access.ExceptionTranslationFilter@17e06ee1]
2020-09-11 22:07:34.148  INFO 9096 --- [    Test worker] o.s.b.a.h2.H2ConsoleAutoConfiguration    : H2 console available at '/h2'. Database available at 'jdbc:h2:mem:project'
2020-09-11 22:07:34.889  INFO 9096 --- [         task-1] j.LocalContainerEntityManagerFactoryBean : Initialized JPA EntityManagerFactory for persistence unit 'default'
2020-09-11 22:07:34.926  INFO 9096 --- [    Test worker] DeferredRepositoryInitializationListener : Triggering deferred initialization of Spring Data repositories…
2020-09-11 22:07:35.588  INFO 9096 --- [    Test worker] DeferredRepositoryInitializationListener : Spring Data repositories initialized!
2020-09-11 22:07:35.603  INFO 9096 --- [    Test worker] com.chdlsp.alice.AliceApplicationTests   : Started AliceApplicationTests in 7.786 seconds (JVM running for 10.479)
]]></system-out>
  <system-err><![CDATA[]]></system-err>
</testsuite>
